[19:06:43] [main/INFO] (FabricLoader/GameProvider) Loading Minecraft 1.21.1 with Fabric Loader 0.16.10
[19:06:43] [main/INFO] (FabricLoader) Loading 55 mods:
	- fabric-api 0.115.3+1.21.1
	- fabric-api-base 0.4.42+6573ed8c19
	- fabric-api-lookup-api-v1 1.6.70+b559734419
	- fabric-biome-api-v1 13.0.31+d527f9fd19
	- fabric-block-api-v1 1.0.22+0af3f5a719
	- fabric-block-view-api-v2 1.0.11+ebb2264e19
	- fabric-blockrenderlayer-v1 1.1.52+0af3f5a719
	- fabric-client-tags-api-v1 1.1.15+6573ed8c19
	- fabric-command-api-v1 1.2.49+f71b366f19
	- fabric-command-api-v2 2.2.28+6ced4dd919
	- fabric-commands-v0 0.2.66+df3654b319
	- fabric-content-registries-v0 8.0.18+b559734419
	- fabric-convention-tags-v1 2.1.3+7f945d5b19
	- fabric-convention-tags-v2 2.10.0+9465b64419
	- fabric-crash-report-info-v1 0.2.29+0af3f5a719
	- fabric-data-attachment-api-v1 1.4.1+9ed317f519
	- fabric-data-generation-api-v1 20.2.27+16c4ae2519
	- fabric-dimensions-v1 4.0.0+6fc22b9919
	- fabric-entity-events-v1 1.7.0+2122d82819
	- fabric-events-interaction-v0 0.7.13+ba9dae0619
	- fabric-game-rule-api-v1 1.0.53+6ced4dd919
	- fabric-gametest-api-v1 2.0.5+6fc22b9919
	- fabric-item-api-v1 11.1.1+d5debaed19
	- fabric-item-group-api-v1 4.1.7+def88e3a19
	- fabric-key-binding-api-v1 1.0.47+0af3f5a719
	- fabric-keybindings-v0 0.2.45+df3654b319
	- fabric-lifecycle-events-v1 2.5.0+01d9a51c19
	- fabric-loot-api-v2 3.0.15+3f89f5a519
	- fabric-loot-api-v3 1.0.3+3f89f5a519
	- fabric-message-api-v1 6.0.13+6573ed8c19
	- fabric-model-loading-api-v1 2.0.0+fe474d6b19
	- fabric-networking-api-v1 4.3.0+c7469b2119
	- fabric-object-builder-api-v1 15.2.1+40875a9319
	- fabric-particles-v1 4.0.2+6573ed8c19
	- fabric-recipe-api-v1 5.0.14+248df81c19
	- fabric-registry-sync-v0 5.2.0+34f5d91419
	- fabric-renderer-api-v1 3.4.0+c705a49c19
	- fabric-renderer-indigo 1.7.0+c705a49c19
	- fabric-renderer-registries-v1 3.2.68+df3654b319
	- fabric-rendering-data-attachment-v1 0.3.49+73761d2e19
	- fabric-rendering-fluids-v1 3.1.6+1daea21519
	- fabric-rendering-v0 1.1.71+df3654b319
	- fabric-rendering-v1 5.0.5+df16efd019
	- fabric-resource-conditions-api-v1 4.3.0+8dc279b119
	- fabric-resource-loader-v0 1.3.1+5b5275af19
	- fabric-screen-api-v1 2.0.25+8b68f1c719
	- fabric-screen-handler-api-v1 1.3.88+b559734419
	- fabric-sound-api-v1 1.0.23+6573ed8c19
	- fabric-transfer-api-v1 5.4.2+c24bd99419
	- fabric-transitive-access-wideners-v1 6.2.0+45b9699719
	- fabricloader 0.16.10
	- homakmod 1.0.0
	- java 21
	- minecraft 1.21.1
	- mixinextras 0.4.1
[19:06:43] [main/INFO] (FabricLoader/Mixin) SpongePowered MIXIN Subsystem Version=0.8.7 Source=file:/C:/Users/Rostik/.gradle/caches/modules-2/files-2.1/net.fabricmc/sponge-mixin/0.15.4+mixin.0.8.7/6a12aacc794f1078458433116e9ed42c1cc98096/sponge-mixin-0.15.4+mixin.0.8.7.jar Service=Knot/Fabric Env=CLIENT
[19:06:44] [main/INFO] (FabricLoader/Mixin) Loaded Fabric development mappings for mixin remapper!
[19:06:44] [main/INFO] (FabricLoader/Mixin) Compatibility level set to JAVA_17
[19:06:44] [main/INFO] (FabricLoader/Mixin) Compatibility level set to JAVA_21
[19:06:45] [main/INFO] (FabricLoader/MixinExtras|Service) Initializing MixinExtras via com.llamalad7.mixinextras.service.MixinExtrasServiceImpl(version=0.4.1).
[19:06:46] [Datafixer Bootstrap/INFO] (Minecraft) 226 Datafixer optimizations took 548 milliseconds
[19:06:47] [main/WARN] (PerfDataUtil) Failed to add PDH Counter: \Paging File(_Total)\% Usage, Error code: 0xC0000BB8
[19:06:47] [main/WARN] (PerfCounterQueryHandler) Failed to add counter for PDH counter: \Paging File(_Total)\% Usage
[19:06:47] [main/WARN] (PerfCounterQuery) Disabling further attempts to query Paging File.
[19:06:47] [main/WARN] (WmiQueryHandler) COM exception: Invalid Class Win32_PerfRawData_PerfOS_PagingFile
[19:06:52] [Render thread/INFO] (Minecraft) Environment: Environment[sessionHost=https://sessionserver.mojang.com, servicesHost=https://api.minecraftservices.com, name=PROD]
[19:06:52] [Render thread/INFO] (Minecraft) Setting user: Player728
[19:06:52] [Render thread/INFO] (homakmod) Registering Mod Items for homakmod
[19:06:52] [Render thread/INFO] (homakmod) Registering Mod Blocks for homakmod
[19:06:52] [Render thread/INFO] (Indigo) [Indigo] Registering Indigo renderer!
[19:06:53] [Render thread/INFO] (Minecraft) Backend library: LWJGL version 3.3.3-snapshot
[19:06:54] [Render thread/INFO] (Minecraft) Reloading ResourceManager: vanilla, fabric, fabric-api, fabric-api-base, fabric-api-lookup-api-v1, fabric-biome-api-v1, fabric-block-api-v1, fabric-block-view-api-v2, fabric-blockrenderlayer-v1, fabric-client-tags-api-v1, fabric-command-api-v1, fabric-command-api-v2, fabric-commands-v0, fabric-content-registries-v0, fabric-convention-tags-v1, fabric-convention-tags-v2, fabric-crash-report-info-v1, fabric-data-attachment-api-v1, fabric-data-generation-api-v1, fabric-dimensions-v1, fabric-entity-events-v1, fabric-events-interaction-v0, fabric-game-rule-api-v1, fabric-gametest-api-v1, fabric-item-api-v1, fabric-item-group-api-v1, fabric-key-binding-api-v1, fabric-keybindings-v0, fabric-lifecycle-events-v1, fabric-loot-api-v2, fabric-loot-api-v3, fabric-message-api-v1, fabric-model-loading-api-v1, fabric-networking-api-v1, fabric-object-builder-api-v1, fabric-particles-v1, fabric-recipe-api-v1, fabric-registry-sync-v0, fabric-renderer-api-v1, fabric-renderer-indigo, fabric-renderer-registries-v1, fabric-rendering-data-attachment-v1, fabric-rendering-fluids-v1, fabric-rendering-v0, fabric-rendering-v1, fabric-resource-conditions-api-v1, fabric-resource-loader-v0, fabric-screen-api-v1, fabric-screen-handler-api-v1, fabric-sound-api-v1, fabric-transfer-api-v1, fabric-transitive-access-wideners-v1, fabricloader, homakmod
[19:06:54] [Worker-Main-2/INFO] (Minecraft) Found unifont_all_no_pua-15.1.05.hex, loading
[19:06:55] [Worker-Main-3/WARN] (Minecraft) Unused frames in sprite homakmod:block/soul_dominance_side: [24, 25, 26, 27, 28, 29, 30, 31, 32, 33, 34, 35, 36, 37, 38, 39, 40, 41, 42, 43, 44, 45, 46, 47, 48, 49, 50, 51, 52, 53, 54, 55, 56, 57, 58, 59, 60, 61, 62, 63, 64, 65, 66, 67, 68, 69, 70, 71, 72, 73, 74, 75, 76, 77, 78, 79, 80, 81, 82, 83, 84, 85, 86, 87, 88, 89, 90, 91, 92, 93, 94, 95, 96, 97, 98, 99, 100, 101, 102, 103, 104, 105, 106, 107, 108, 109, 110, 111, 112, 113, 114, 115, 116, 117, 118, 119, 120, 121, 122, 123, 124, 125, 126, 127, 128, 129, 130, 131, 132, 133, 134, 135, 136, 137, 138, 139, 140, 141, 142, 143, 144, 145, 146, 147, 148, 149, 150, 151, 152, 153, 154, 155, 156, 157, 158, 159, 160, 161, 162, 163, 164, 165, 166, 167, 168, 169, 170, 171, 172, 173, 174, 175, 176, 177, 178, 179, 180, 181, 182, 183, 184, 185, 186, 187, 188, 189, 190, 191, 192, 193, 194, 195, 196, 197, 198, 199, 200, 201, 202, 203, 204, 205, 206, 207, 208, 209, 210, 211, 212, 213, 214, 215, 216, 217, 218, 219, 220, 221, 222, 223, 224, 225, 226, 227, 228, 229, 230, 231, 232, 233, 234, 235, 236, 237, 238, 239, 240, 241, 242, 243, 244, 245, 246, 247, 248, 249, 250, 251, 252, 253, 254, 255, 256, 257, 258, 259, 260, 261, 262, 263, 264, 265, 266, 267, 268, 269, 270, 271, 272, 273, 274, 275, 276, 277, 278, 279, 280, 281, 282, 283, 284, 285, 286, 287, 288, 289, 290, 291, 292, 293, 294, 295, 296, 297, 298, 299, 300, 301, 302, 303, 304, 305, 306, 307, 308, 309, 310, 311, 312, 313, 314, 315, 316, 317, 318, 319, 320, 321, 322, 323, 324, 325, 326, 327, 328, 329, 330, 331, 332, 333, 334, 335, 336, 337, 338, 339, 340, 341, 342, 343, 344, 345, 346, 347, 348, 349, 350, 351, 352, 353, 354, 355, 356, 357, 358, 359, 360, 361, 362, 363, 364, 365, 366, 367]
[19:06:55] [Worker-Main-11/INFO] (Minecraft) Found unifont_jp_patch-15.1.05.hex, loading
[19:06:55] [Worker-Main-8/WARN] (Minecraft) Unable to load model: 'homakmod:item/soul_curvesword_cooldown' referenced from: homakmod:item/soul_curvesword_3d: java.io.FileNotFoundException: homakmod:models/item/soul_curvesword_cooldown.json
[19:06:56] [Render thread/WARN] (Minecraft) Missing sound for event: minecraft:item.goat_horn.play
[19:06:56] [Render thread/WARN] (Minecraft) Missing sound for event: minecraft:entity.goat.screaming.horn_break
[19:06:56] [Render thread/INFO] (Minecraft) OpenAL initialized on device OpenAL Soft on Speakers (High Definition Audio Device)
[19:06:56] [Render thread/INFO] (Minecraft) Sound engine started
[19:06:56] [Render thread/INFO] (Minecraft) Created: 1024x512x4 minecraft:textures/atlas/blocks.png-atlas
[19:06:56] [Render thread/INFO] (Minecraft) Created: 256x256x4 minecraft:textures/atlas/signs.png-atlas
[19:06:56] [Render thread/INFO] (Minecraft) Created: 512x512x4 minecraft:textures/atlas/shield_patterns.png-atlas
[19:06:56] [Render thread/INFO] (Minecraft) Created: 512x512x4 minecraft:textures/atlas/banner_patterns.png-atlas
[19:06:56] [Render thread/INFO] (Minecraft) Created: 1024x1024x4 minecraft:textures/atlas/armor_trims.png-atlas
[19:06:56] [Render thread/INFO] (Minecraft) Created: 128x64x4 minecraft:textures/atlas/decorated_pot.png-atlas
[19:06:56] [Render thread/INFO] (Minecraft) Created: 256x256x4 minecraft:textures/atlas/chest.png-atlas
[19:06:56] [Render thread/INFO] (Minecraft) Created: 512x256x4 minecraft:textures/atlas/shulker_boxes.png-atlas
[19:06:56] [Render thread/INFO] (Minecraft) Created: 512x256x4 minecraft:textures/atlas/beds.png-atlas
[19:06:56] [Render thread/INFO] (Minecraft) Created: 512x256x0 minecraft:textures/atlas/particles.png-atlas
[19:06:56] [Render thread/INFO] (Minecraft) Created: 512x256x0 minecraft:textures/atlas/paintings.png-atlas
[19:06:56] [Render thread/INFO] (Minecraft) Created: 256x128x0 minecraft:textures/atlas/mob_effects.png-atlas
[19:06:56] [Render thread/INFO] (Minecraft) Created: 64x64x0 minecraft:textures/atlas/map_decorations.png-atlas
[19:06:56] [Render thread/INFO] (Minecraft) Created: 1024x512x0 minecraft:textures/atlas/gui.png-atlas
[19:06:56] [Render thread/WARN] (Minecraft) Shader rendertype_entity_translucent_emissive could not find sampler named Sampler2 in the specified shader program.
[19:07:01] [Worker-Main-3/ERROR] (Minecraft) Couldn't load tag minecraft:needs_netherite_tool as it is missing following references: homakmod:ancient_remains_block (from homakmod), homakmod:processed_ancient_remains_block (from homakmod)
[19:07:01] [Worker-Main-3/ERROR] (Minecraft) Couldn't load tag minecraft:mineable/pickaxe as it is missing following references: homakmod:processed_ancient_remains_block (from homakmod)
[19:07:01] [Worker-Main-3/ERROR] (Minecraft) Couldn't load tag minecraft:needs_diamond_tool as it is missing following references: homakmod:ancient_remains_block (from homakmod), homakmod:processed_ancient_remains_block (from homakmod)
[19:07:01] [Worker-Main-3/ERROR] (Minecraft) Couldn't load tag minecraft:incorrect_for_iron_tool as it is missing following references: #minecraft:needs_diamond_tool (from vanilla)
[19:07:01] [Worker-Main-3/ERROR] (Minecraft) Couldn't load tag minecraft:incorrect_for_stone_tool as it is missing following references: #minecraft:needs_diamond_tool (from vanilla)
[19:07:01] [Worker-Main-3/ERROR] (Minecraft) Couldn't load tag minecraft:mineable/shovel as it is missing following references: homakmod:ancient_remains_block (from homakmod)
[19:07:01] [Worker-Main-3/ERROR] (Minecraft) Couldn't load tag minecraft:incorrect_for_wooden_tool as it is missing following references: #minecraft:needs_diamond_tool (from vanilla)
[19:07:01] [Worker-Main-3/ERROR] (Minecraft) Couldn't load tag minecraft:incorrect_for_gold_tool as it is missing following references: #minecraft:needs_diamond_tool (from vanilla)
[19:07:01] [Render thread/INFO] (Minecraft) Loaded 1294 recipes
[19:07:02] [Render thread/INFO] (Minecraft) Loaded 1399 advancements
[19:07:02] [Render thread/WARN] (Minecraft) Not all defined tags for registry ResourceKey[minecraft:root / minecraft:block] are present in data pack: minecraft:incorrect_for_gold_tool, minecraft:incorrect_for_iron_tool, minecraft:incorrect_for_stone_tool, minecraft:incorrect_for_wooden_tool, minecraft:mineable/pickaxe, minecraft:mineable/shovel
[19:07:02] [Render thread/INFO] (BiomeModificationImpl) Applied 0 biome modifications to 0 of 64 new biomes in 1.298 ms
[19:07:02] [Server thread/INFO] (Minecraft) Starting integrated minecraft server version 1.21.1
[19:07:02] [Server thread/INFO] (Minecraft) Generating keypair
[19:07:03] [Server thread/INFO] (Minecraft) Preparing start region for dimension minecraft:overworld
[19:07:03] [Render thread/INFO] (Minecraft) Preparing spawn area: 0%
[19:07:03] [Render thread/INFO] (Minecraft) Time elapsed: 419 ms
[19:07:03] [Server thread/INFO] (Minecraft) Changing view distance to 12, from 10
[19:07:03] [Server thread/INFO] (Minecraft) Changing simulation distance to 12, from 0
[19:07:04] [Server thread/INFO] (Minecraft) Player728[local:E:c950b503] logged in with entity id 57 at (-57.95676715987973, 79.00687329062315, 71.17662221144936)
[19:07:04] [Server thread/INFO] (Minecraft) Player728 joined the game
[19:07:05] [Render thread/INFO] (Minecraft) Loaded 45 advancements
[19:07:11] [Render thread/INFO] (Minecraft) Stopping!
[19:07:11] [Server thread/INFO] (Minecraft) Player728 lost connection: Disconnected
[19:07:11] [Server thread/INFO] (Minecraft) Player728 left the game
[19:07:11] [Server thread/INFO] (Minecraft) Stopping singleplayer server as player logged out
[19:07:11] [Server thread/INFO] (Minecraft) Stopping server
[19:07:11] [Server thread/INFO] (Minecraft) Saving players
[19:07:11] [Server thread/INFO] (Minecraft) Saving worlds
[19:07:11] [Server thread/INFO] (Minecraft) Saving chunks for level 'ServerLevel[New World]'/minecraft:overworld
[19:07:11] [Server thread/INFO] (Minecraft) Saving chunks for level 'ServerLevel[New World]'/minecraft:the_nether
[19:07:11] [Server thread/INFO] (Minecraft) Saving chunks for level 'ServerLevel[New World]'/minecraft:the_end
[19:07:11] [Server thread/INFO] (Minecraft) ThreadedAnvilChunkStorage (New World (2)): All chunks are saved
[19:07:11] [Server thread/INFO] (Minecraft) ThreadedAnvilChunkStorage (DIM-1): All chunks are saved
[19:07:11] [Server thread/INFO] (Minecraft) ThreadedAnvilChunkStorage (DIM1): All chunks are saved
[19:07:11] [Server thread/INFO] (Minecraft) ThreadedAnvilChunkStorage: All dimensions are saved
